Replace Part C? CAP_POL_NM in C:\UserData\Onedrive\Project_D\My Project\Highspeed_Hardware\Project-Practice\USB_Super_Hub\Hardware\Design Files\_ProjectName_\PCB_Project\[03] - POWER SUPPLY.SchDoc with CAP_POL_NM from TUNA_Altium_Lib.IntLib
Replace Part C? CAP_0603_NM in C:\UserData\Onedrive\Project_D\My Project\Highspeed_Hardware\Project-Practice\USB_Super_Hub\Hardware\Design Files\_ProjectName_\PCB_Project\[03] - POWER SUPPLY.SchDoc with CAP_0603_NM from TUNA_Altium_Lib.IntLib
Replace Part C? CAP_POL_NM in C:\UserData\Onedrive\Project_D\My Project\Highspeed_Hardware\Project-Practice\USB_Super_Hub\Hardware\Design Files\_ProjectName_\PCB_Project\[03] - POWER SUPPLY.SchDoc with CAP_POL_NM from TUNA_Altium_Lib.IntLib
Replace Part C? CAP_0603_NM in C:\UserData\Onedrive\Project_D\My Project\Highspeed_Hardware\Project-Practice\USB_Super_Hub\Hardware\Design Files\_ProjectName_\PCB_Project\[03] - POWER SUPPLY.SchDoc with CAP_0603_NM from TUNA_Altium_Lib.IntLib
Replace Part C? CAP_0603_NM in C:\UserData\Onedrive\Project_D\My Project\Highspeed_Hardware\Project-Practice\USB_Super_Hub\Hardware\Design Files\_ProjectName_\PCB_Project\[03] - POWER SUPPLY.SchDoc with CAP_0603_NM from TUNA_Altium_Lib.IntLib
Replace Part C? CAP_POL_NM in C:\UserData\Onedrive\Project_D\My Project\Highspeed_Hardware\Project-Practice\USB_Super_Hub\Hardware\Design Files\_ProjectName_\PCB_Project\[03] - POWER SUPPLY.SchDoc with CAP_POL_NM from TUNA_Altium_Lib.IntLib
Replace Part C? CAP_POL_NM in C:\UserData\Onedrive\Project_D\My Project\Highspeed_Hardware\Project-Practice\USB_Super_Hub\Hardware\Design Files\_ProjectName_\PCB_Project\[03] - POWER SUPPLY.SchDoc with CAP_POL_NM from TUNA_Altium_Lib.IntLib
Replace Part C? CAP_0603_NM in C:\UserData\Onedrive\Project_D\My Project\Highspeed_Hardware\Project-Practice\USB_Super_Hub\Hardware\Design Files\_ProjectName_\PCB_Project\[03] - POWER SUPPLY.SchDoc with CAP_0603_NM from TUNA_Altium_Lib.IntLib
Replace Part C? CAP_0603_NM in C:\UserData\Onedrive\Project_D\My Project\Highspeed_Hardware\Project-Practice\USB_Super_Hub\Hardware\Design Files\_ProjectName_\PCB_Project\[03] - POWER SUPPLY.SchDoc with CAP_0603_NM from TUNA_Altium_Lib.IntLib
Replace Part C? CAP_0603_NM in C:\UserData\Onedrive\Project_D\My Project\Highspeed_Hardware\Project-Practice\USB_Super_Hub\Hardware\Design Files\_ProjectName_\PCB_Project\[03] - POWER SUPPLY.SchDoc with CAP_0603_NM from TUNA_Altium_Lib.IntLib
Replace Part C? CAP_0603_NM in C:\UserData\Onedrive\Project_D\My Project\Highspeed_Hardware\Project-Practice\USB_Super_Hub\Hardware\Design Files\_ProjectName_\PCB_Project\[03] - POWER SUPPLY.SchDoc with CAP_0603_NM from TUNA_Altium_Lib.IntLib
Replace Part C? CAP_0603_NM in C:\UserData\Onedrive\Project_D\My Project\Highspeed_Hardware\Project-Practice\USB_Super_Hub\Hardware\Design Files\_ProjectName_\PCB_Project\[03] - POWER SUPPLY.SchDoc with CAP_0603_NM from TUNA_Altium_Lib.IntLib
Replace Part C? CAP_0603_NM in C:\UserData\Onedrive\Project_D\My Project\Highspeed_Hardware\Project-Practice\USB_Super_Hub\Hardware\Design Files\_ProjectName_\PCB_Project\[03] - POWER SUPPLY.SchDoc with CAP_0603_NM from TUNA_Altium_Lib.IntLib
Replace Part C? CAP_0603_NM in C:\UserData\Onedrive\Project_D\My Project\Highspeed_Hardware\Project-Practice\USB_Super_Hub\Hardware\Design Files\_ProjectName_\PCB_Project\[03] - POWER SUPPLY.SchDoc with CAP_0603_NM from TUNA_Altium_Lib.IntLib
Replace Part C? CAP_0603_NM in C:\UserData\Onedrive\Project_D\My Project\Highspeed_Hardware\Project-Practice\USB_Super_Hub\Hardware\Design Files\_ProjectName_\PCB_Project\[03] - POWER SUPPLY.SchDoc with CAP_0603_NM from TUNA_Altium_Lib.IntLib
Replace Part C? CAP_0603_NM in C:\UserData\Onedrive\Project_D\My Project\Highspeed_Hardware\Project-Practice\USB_Super_Hub\Hardware\Design Files\_ProjectName_\PCB_Project\[03] - POWER SUPPLY.SchDoc with CAP_0603_NM from TUNA_Altium_Lib.IntLib
Replace Part C? CAP_0603_NM in C:\UserData\Onedrive\Project_D\My Project\Highspeed_Hardware\Project-Practice\USB_Super_Hub\Hardware\Design Files\_ProjectName_\PCB_Project\[03] - POWER SUPPLY.SchDoc with CAP_0603_NM from TUNA_Altium_Lib.IntLib
Replace Part C? CAP_0603_NM in C:\UserData\Onedrive\Project_D\My Project\Highspeed_Hardware\Project-Practice\USB_Super_Hub\Hardware\Design Files\_ProjectName_\PCB_Project\[03] - POWER SUPPLY.SchDoc with CAP_0603_NM from TUNA_Altium_Lib.IntLib
Replace Part D? D_SCHOTTKY_SMA in C:\UserData\Onedrive\Project_D\My Project\Highspeed_Hardware\Project-Practice\USB_Super_Hub\Hardware\Design Files\_ProjectName_\PCB_Project\[03] - POWER SUPPLY.SchDoc with D_SCHOTTKY_SMA from TUNA_Altium_Lib.IntLib
Replace Part D? D_SCHOTTKY_SMA in C:\UserData\Onedrive\Project_D\My Project\Highspeed_Hardware\Project-Practice\USB_Super_Hub\Hardware\Design Files\_ProjectName_\PCB_Project\[03] - POWER SUPPLY.SchDoc with D_SCHOTTKY_SMA from TUNA_Altium_Lib.IntLib
Replace Part FS? FUSE_1206 in C:\UserData\Onedrive\Project_D\My Project\Highspeed_Hardware\Project-Practice\USB_Super_Hub\Hardware\Design Files\_ProjectName_\PCB_Project\[03] - POWER SUPPLY.SchDoc with FUSE_1206 from TUNA_Altium_Lib.IntLib
Replace Part J? PWR_DC-005-5A-3.0 in C:\UserData\Onedrive\Project_D\My Project\Highspeed_Hardware\Project-Practice\USB_Super_Hub\Hardware\Design Files\_ProjectName_\PCB_Project\[03] - POWER SUPPLY.SchDoc with PWR_DC-005-5A-3.0 from TUNA_Altium_Lib.IntLib
Replace Part R? RES_0402_NM in C:\UserData\Onedrive\Project_D\My Project\Highspeed_Hardware\Project-Practice\USB_Super_Hub\Hardware\Design Files\_ProjectName_\PCB_Project\[03] - POWER SUPPLY.SchDoc with RES_0402_NM from TUNA_Altium_Lib.IntLib
Replace Part R? RES_0402_NM in C:\UserData\Onedrive\Project_D\My Project\Highspeed_Hardware\Project-Practice\USB_Super_Hub\Hardware\Design Files\_ProjectName_\PCB_Project\[03] - POWER SUPPLY.SchDoc with RES_0402_NM from TUNA_Altium_Lib.IntLib
Replace Part R? RES_0402_NM in C:\UserData\Onedrive\Project_D\My Project\Highspeed_Hardware\Project-Practice\USB_Super_Hub\Hardware\Design Files\_ProjectName_\PCB_Project\[03] - POWER SUPPLY.SchDoc with RES_0402_NM from TUNA_Altium_Lib.IntLib
Replace Part R? RES_0402_NM in C:\UserData\Onedrive\Project_D\My Project\Highspeed_Hardware\Project-Practice\USB_Super_Hub\Hardware\Design Files\_ProjectName_\PCB_Project\[03] - POWER SUPPLY.SchDoc with RES_0402_NM from TUNA_Altium_Lib.IntLib
Replace Part R? RES_0402_NM in C:\UserData\Onedrive\Project_D\My Project\Highspeed_Hardware\Project-Practice\USB_Super_Hub\Hardware\Design Files\_ProjectName_\PCB_Project\[03] - POWER SUPPLY.SchDoc with RES_0402_NM from TUNA_Altium_Lib.IntLib
Replace Part R? RES_0402_NM in C:\UserData\Onedrive\Project_D\My Project\Highspeed_Hardware\Project-Practice\USB_Super_Hub\Hardware\Design Files\_ProjectName_\PCB_Project\[03] - POWER SUPPLY.SchDoc with RES_0402_NM from TUNA_Altium_Lib.IntLib
Replace Part R? RES_0402_NM in C:\UserData\Onedrive\Project_D\My Project\Highspeed_Hardware\Project-Practice\USB_Super_Hub\Hardware\Design Files\_ProjectName_\PCB_Project\[03] - POWER SUPPLY.SchDoc with RES_0402_NM from TUNA_Altium_Lib.IntLib
Replace Part R? RES_0402_NM in C:\UserData\Onedrive\Project_D\My Project\Highspeed_Hardware\Project-Practice\USB_Super_Hub\Hardware\Design Files\_ProjectName_\PCB_Project\[03] - POWER SUPPLY.SchDoc with RES_0402_NM from TUNA_Altium_Lib.IntLib
Replace Part R? RES_0402_NM in C:\UserData\Onedrive\Project_D\My Project\Highspeed_Hardware\Project-Practice\USB_Super_Hub\Hardware\Design Files\_ProjectName_\PCB_Project\[03] - POWER SUPPLY.SchDoc with RES_0402_NM from TUNA_Altium_Lib.IntLib
Replace Part R? RES_0402_NM in C:\UserData\Onedrive\Project_D\My Project\Highspeed_Hardware\Project-Practice\USB_Super_Hub\Hardware\Design Files\_ProjectName_\PCB_Project\[03] - POWER SUPPLY.SchDoc with RES_0402_NM from TUNA_Altium_Lib.IntLib
Replace Part R? RES_0402_NM in C:\UserData\Onedrive\Project_D\My Project\Highspeed_Hardware\Project-Practice\USB_Super_Hub\Hardware\Design Files\_ProjectName_\PCB_Project\[03] - POWER SUPPLY.SchDoc with RES_0402_NM from TUNA_Altium_Lib.IntLib
Replace Part R? RES_0402_NM in C:\UserData\Onedrive\Project_D\My Project\Highspeed_Hardware\Project-Practice\USB_Super_Hub\Hardware\Design Files\_ProjectName_\PCB_Project\[03] - POWER SUPPLY.SchDoc with RES_0402_NM from TUNA_Altium_Lib.IntLib
Replace Part R? RES_0402_NM in C:\UserData\Onedrive\Project_D\My Project\Highspeed_Hardware\Project-Practice\USB_Super_Hub\Hardware\Design Files\_ProjectName_\PCB_Project\[03] - POWER SUPPLY.SchDoc with RES_0402_NM from TUNA_Altium_Lib.IntLib
Replace Part R? RES_0402_NM in C:\UserData\Onedrive\Project_D\My Project\Highspeed_Hardware\Project-Practice\USB_Super_Hub\Hardware\Design Files\_ProjectName_\PCB_Project\[03] - POWER SUPPLY.SchDoc with RES_0402_NM from TUNA_Altium_Lib.IntLib
Replace Part U? IC_PWR_TPS54231DR in C:\UserData\Onedrive\Project_D\My Project\Highspeed_Hardware\Project-Practice\USB_Super_Hub\Hardware\Design Files\_ProjectName_\PCB_Project\[03] - POWER SUPPLY.SchDoc with IC_PWR_TPS54231DR from TUNA_Altium_Lib.IntLib
Replace Part U? IC_PWR_TPS563200DDCR in C:\UserData\Onedrive\Project_D\My Project\Highspeed_Hardware\Project-Practice\USB_Super_Hub\Hardware\Design Files\_ProjectName_\PCB_Project\[03] - POWER SUPPLY.SchDoc with IC_PWR_TPS563200DDCR from TUNA_Altium_Lib.IntLib
Replace Part U? IC_PWR_XC6206P282MR in C:\UserData\Onedrive\Project_D\My Project\Highspeed_Hardware\Project-Practice\USB_Super_Hub\Hardware\Design Files\_ProjectName_\PCB_Project\[03] - POWER SUPPLY.SchDoc with IC_PWR_XC6206P282MR from TUNA_Altium_Lib.IntLib
Replace Part U? IC_PWR_XC6206P122MR-G in C:\UserData\Onedrive\Project_D\My Project\Highspeed_Hardware\Project-Practice\USB_Super_Hub\Hardware\Design Files\_ProjectName_\PCB_Project\[03] - POWER SUPPLY.SchDoc with IC_PWR_XC6206P122MR-G from TUNA_Altium_Lib.IntLib
